<?xml version="1.0" encoding="UTF-8"?>
<testng-results ignored="0" total="1" passed="1" failed="0" skipped="0">
  <reporter-output>
  </reporter-output>
  <suite started-at="2023-11-30T13:01:02 BDT" name="Default suite" finished-at="2023-11-30T13:01:15 BDT" duration-ms="13115">
    <groups>
    </groups>
    <test started-at="2023-11-30T13:01:02 BDT" name="Default test" finished-at="2023-11-30T13:01:15 BDT" duration-ms="13115">
      <class name="trytestingthis.TryTestingThisLogin">
        <test-method is-config="true" signature="setup()[pri:0, instance:trytestingthis.TryTestingThisLogin@7eac9008]" started-at="2023-11-30T13:01:02 BDT" name="setup" finished-at="2023-11-30T13:01:12 BDT" duration-ms="9322" status="PASS">
          <reporter-output>
          </reporter-output>
        </test-method> <!-- setup -->
        <test-method signature="input()[pri:0, instance:trytestingthis.TryTestingThisLogin@7eac9008]" started-at="2023-11-30T13:01:12 BDT" name="input" finished-at="2023-11-30T13:01:14 BDT" duration-ms="2034" status="PASS">
          <reporter-output>
          </reporter-output>
        </test-method> <!-- input -->
        <test-method is-config="true" signature="endLogin()[pri:0, instance:trytestingthis.TryTestingThisLogin@7eac9008]" started-at="2023-11-30T13:01:14 BDT" name="endLogin" finished-at="2023-11-30T13:01:15 BDT" duration-ms="1594" status="PASS">
          <reporter-output>
          </reporter-output>
        </test-method> <!-- endLogin -->
      </class> <!-- trytestingthis.TryTestingThisLogin -->
    </test> <!-- Default test -->
  </suite> <!-- Default suite -->
</testng-results>
